2019-04-14 18:57:24,005:DEBUG:discord.client: on_ready has successfully been registered as an event
2019-04-14 18:57:24,006:INFO:discord.client: logging in using static token
2019-04-14 18:57:24,279:DEBUG:discord.http: GET https://discordapp.com/api/v7/users/@me with None has returned 200
2019-04-14 18:57:24,280:DEBUG:discord.http: GET https://discordapp.com/api/v7/users/@me has received {'username': 'Test Bot', 'verified': True, 'locale': 'en-US', 'mfa_enabled': False, 'bot': True, 'id': '554801271534649344', 'flags': 0, 'avatar': None, 'discriminator': '9167', 'email': None}
2019-04-14 18:57:24,301:DEBUG:discord.http: GET https://discordapp.com/api/v7/gateway with None has returned 200
2019-04-14 18:57:24,301:DEBUG:discord.http: GET https://discordapp.com/api/v7/gateway has received {'url': 'wss://gateway.discord.gg'}
2019-04-14 18:57:24,745:INFO:discord.gateway: Created websocket connected to wss://gateway.discord.gg?encoding=json&v=6&compress=zlib-stream
2019-04-14 18:57:24,745:DEBUG:discord.client: Dispatching event socket_raw_receive
2019-04-14 18:57:24,745:DEBUG:discord.gateway: For Shard ID None: WebSocket Event: {'t': None, 's': None, 'op': 10, 'd': {'heartbeat_interval': 41250, '_trace': ['gateway-prd-main-jptr']}}
2019-04-14 18:57:24,746:DEBUG:discord.client: Dispatching event socket_response
2019-04-14 18:57:24,746:DEBUG:discord.client: Dispatching event socket_raw_send
2019-04-14 18:57:24,747:DEBUG:discord.client: Dispatching event socket_raw_send
2019-04-14 18:57:24,747:INFO:discord.gateway: Shard ID None has sent the IDENTIFY payload.
2019-04-14 18:57:24,907:DEBUG:discord.client: Dispatching event socket_raw_receive
2019-04-14 18:57:24,907:DEBUG:discord.gateway: For Shard ID None: WebSocket Event: {'t': None, 's': None, 'op': 11, 'd': None}
2019-04-14 18:57:24,908:DEBUG:discord.client: Dispatching event socket_response
2019-04-14 18:57:25,510:DEBUG:discord.client: Dispatching event socket_raw_receive
2019-04-14 18:57:25,510:DEBUG:discord.gateway: For Shard ID None: WebSocket Event: {'t': 'READY', 's': 1, 'op': 0, 'd': {'v': 6, 'user_settings': {}, 'user': {'verified': True, 'username': 'Test Bot', 'mfa_enabled': False, 'id': '554801271534649344', 'email': None, 'discriminator': '9167', 'bot': True, 'avatar': None}, 'session_id': 'c9e4d4f399e6506f4d5a26b0640f13f7', 'relationships': [], 'private_channels': [], 'presences': [], 'guilds': [{'unavailable': True, 'id': '508781789737648138'}], '_trace': ['gateway-prd-main-jptr', 'discord-sessions-prd-1-2']}}
2019-04-14 18:57:25,511:DEBUG:discord.client: Dispatching event socket_response
2019-04-14 18:57:25,511:INFO:discord.gateway: Shard ID None has connected to Gateway: gateway-prd-main-jptr, discord-sessions-prd-1-2 (Session ID: c9e4d4f399e6506f4d5a26b0640f13f7).
2019-04-14 18:57:25,512:DEBUG:discord.client: Dispatching event connect
2019-04-14 18:57:25,513:DEBUG:discord.client: Dispatching event socket_raw_receive
2019-04-14 18:57:25,513:DEBUG:discord.gateway: For Shard ID None: WebSocket Event: {'t': 'GUILD_CREATE', 's': 2, 'op': 0, 'd': {'voice_states': [{'user_id': '188408693811970048', 'suppress': False, 'session_id': '5e7e30ede2f374ca78f1940d9568f6e6', 'self_video': False, 'self_mute': True, 'self_deaf': False, 'mute': False, 'deaf': False, 'channel_id': '508781789737648142'}], 'verification_level': 0, 'vanity_url_code': None, 'unavailable': False, 'system_channel_id': None, 'splash': None, 'roles': [{'position': 0, 'permissions': 104324169, 'name': '@everyone', 'mentionable': False, 'managed': False, 'id': '508781789737648138', 'hoist': False, 'color': 0}, {'position': 2, 'permissions': 104324161, 'name': 'Bot', 'mentionable': False, 'managed': False, 'id': '509019690379509771', 'hoist': False, 'color': 3066993}, {'position': 1, 'permissions': 104324161, 'name': 'BossSchedule', 'mentionable': True, 'managed': False, 'id': '519491543657349141', 'hoist': False, 'color': 10038562}], 'region': 'eu-west', 'presences': [{'user': {'id': '182496947020496905'}, 'status': 'online', 'game': None, 'client_status': {'desktop': 'online'}, 'activities': []}, {'user': {'id': '188408693811970048'}, 'status': 'dnd', 'game': None, 'client_status': {'desktop': 'dnd'}, 'activities': []}, {'user': {'id': '207217490336546816'}, 'status': 'dnd', 'game': None, 'client_status': {'desktop': 'dnd'}, 'activities': []}, {'user': {'id': '554801271534649344'}, 'status': 'online', 'game': None, 'client_status': {'web': 'online'}, 'activities': []}], 'owner_id': '188408693811970048', 'name': 'Test server', 'mfa_level': 0, 'members': [{'user': {'username': 'Deathblade19', 'id': '188408693811970048', 'discriminator': '9877', 'avatar': '9532e6d57fc47472592784d5ec669cfb'}, 'roles': [], 'nick': 'Fadi', 'mute': False, 'joined_at': '2018-11-04T23:17:11.385000+00:00', 'deaf': False}, {'user': {'username': 'Xanzath', 'id': '170526623538348032', 'discriminator': '0515', 'avatar': 'e17534fe3c11d8549e2114a9d8640d48'}, 'roles': [], 'nick': 'Haz', 'mute': False, 'joined_at': '2018-11-05T13:58:54.203000+00:00', 'deaf': False}, {'user': {'username': 'Niklas/Grey', 'id': '182496947020496905', 'discriminator': '7237', 'avatar': '95c83cbd701c03a72495bea38348a4e5'}, 'roles': [], 'mute': False, 'joined_at': '2018-12-02T20:28:16.047000+00:00', 'deaf': False}, {'user': {'username': 'Deathblade19', 'id': '188408693811970048', 'discriminator': '9877', 'avatar': '9532e6d57fc47472592784d5ec669cfb'}, 'roles': [], 'nick': 'Fadi', 'mute': False, 'joined_at': '2018-11-04T23:17:11.385000+00:00', 'deaf': False}, {'user': {'username': 'Moijn', 'id': '207217490336546816', 'discriminator': '9800', 'avatar': '7c0fc5689589c2da45512ec921025c35'}, 'roles': [], 'nick': 'Krent', 'mute': False, 'joined_at': '2018-12-04T12:26:01.676000+00:00', 'deaf': False}, {'user': {'username': 'ecloudy', 'id': '245689256691892224', 'discriminator': '6844', 'avatar': None}, 'roles': [], 'mute': False, 'joined_at': '2019-04-10T18:04:58.270000+00:00', 'deaf': False}, {'user': {'username': 'CS Bot Test', 'id': '508932732320088066', 'discriminator': '7974', 'bot': True, 'avatar': None}, 'roles': ['509019690379509771'], 'mute': False, 'joined_at': '2018-11-05T09:21:31.611000+00:00', 'deaf': False}, {'user': {'username': 'Test Bot', 'id': '554801271534649344', 'discriminator': '9167', 'bot': True, 'avatar': None}, 'roles': [], 'mute': False, 'joined_at': '2019-04-10T19:18:47.382000+00:00', 'deaf': False}], 'member_count': 7, 'lazy': True, 'large': False, 'joined_at': '2019-04-10T19:18:47.382000+00:00', 'id': '508781789737648138', 'icon': None, 'features': [], 'explicit_content_filter': 0, 'emojis': [], 'description': None, 'default_message_notifications': 0, 'channels': [{'user_limit': 0, 'type': 4, 'position': 0, 'permission_overwrites': [], 'name': 'Text Channels', 'id': '508781789737648139', 'bitrate': 64000}, {'user_limit': 0, 'type': 4, 'position': 0, 'permission_overwrites': [], 'name': 'Voice Channels', 'id': '508781789737648141', 'bitrate': 64000}, {'user_limit': 0, 'type': 2, 'position': 0, 'permission_overwrites': [], 'parent_id': '508781789737648141', 'name': 'General', 'id': '508781789737648142', 'bitrate': 64000}, {'type': 0, 'topic': None, 'rate_limit_per_user': 0, 'position': 1, 'permission_overwrites': [], 'parent_id': '508781789737648139', 'name': 'conversation', 'last_message_id': '566735781813551128', 'id': '509003703957585926'}, {'type': 0, 'topic': None, 'rate_limit_per_user': 0, 'position': 2, 'permission_overwrites': [], 'parent_id': '508781789737648139', 'name': 'testfield', 'last_message_id': '554625625630048277', 'id': '520669553101897728'}, {'user_limit': 0, 'type': 2, 'position': 1, 'permission_overwrites': [], 'parent_id': '508781789737648141', 'name': 'test', 'id': '565642453516943386', 'bitrate': 64000}], 'banner': None, 'application_id': None, 'afk_timeout': 300, 'afk_channel_id': None}}
2019-04-14 18:57:25,518:DEBUG:discord.client: Dispatching event socket_response
2019-04-14 18:57:25,519:DEBUG:discord.client: Dispatching event guild_available
2019-04-14 18:57:27,505:DEBUG:discord.client: Dispatching event ready
2019-04-14 18:58:05,997:DEBUG:discord.gateway: Keeping websocket alive with sequence 2.
2019-04-14 18:58:05,997:DEBUG:discord.client: Dispatching event socket_raw_send
2019-04-14 18:58:06,161:DEBUG:discord.client: Dispatching event socket_raw_receive
2019-04-14 18:58:06,161:DEBUG:discord.gateway: For Shard ID None: WebSocket Event: {'t': None, 's': None, 'op': 11, 'd': None}
2019-04-14 18:58:06,163:DEBUG:discord.client: Dispatching event socket_response
